
 /----------------------------------------------------------------------------\
 |  yosys -- Yosys Open SYnthesis Suite                                       |
 |  Copyright (C) 2012 - 2025  Claire Xenia Wolf <claire@yosyshq.com>         |
 |  Distributed under an ISC-like license, type "license" to see terms        |
 \----------------------------------------------------------------------------/
 Yosys 0.54 (git sha1 db72ec3bd, g++ 15.2.1 -march=x86-64 -mtune=generic -O2 -fno-plt -fexceptions -fstack-clash-protection -fcf-protection -fno-omit-frame-pointer -mno-omit-leaf-frame-pointer -ffile-prefix-map=/build/yosys/src=/usr/src/debug/yosys -fPIC -O3)

-- Executing script file `../model/design.ys' --

1. Executing Verilog-2005 frontend: mealy.v
Parsing formal SystemVerilog input from `mealy.v' to AST representation.
Storing AST representation for module `$abstract\mealy'.
Successfully finished Verilog frontend.

2. Executing PREP pass.

2.1. Executing HIERARCHY pass (managing design hierarchy).

2.2. Executing AST frontend in derive mode using pre-parsed AST for module `\mealy'.
Generating RTLIL representation for module `\mealy'.

2.2.1. Analyzing design hierarchy..
Top module:  \mealy

2.2.2. Analyzing design hierarchy..
Top module:  \mealy
Removing unused module `$abstract\mealy'.
Removed 1 unused modules.
Module mealy directly or indirectly contains formal properties -> setting "keep" attribute.

2.3. Executing PROC pass (convert processes to netlists).

2.3.1. Executing PROC_CLEAN pass (remove empty switches from decision trees).
Cleaned up 0 empty switches.

2.3.2. Executing PROC_RMDEAD pass (remove dead branches from decision trees).
Marked 3 switch rules as full_case in process $proc$mealy.v:9$1 in module mealy.
Removed a total of 0 dead cases.

2.3.3. Executing PROC_PRUNE pass (remove redundant assignments in processes).
Removed 1 redundant assignment.
Promoted 5 assignments to connections.

2.3.4. Executing PROC_INIT pass (extract init attributes).
Found init rule in `\mealy.$proc$mealy.v:0$7'.
  Set init value: \led_index = 4'0000

2.3.5. Executing PROC_ARST pass (detect async resets in processes).

2.3.6. Executing PROC_ROM pass (convert switches to ROMs).
Converted 1 switch.
<suppressed ~2 debug messages>

2.3.7. Executing PROC_MUX pass (convert decision trees to multiplexers).
Creating decoders for process `\mealy.$proc$mealy.v:0$7'.
Creating decoders for process `\mealy.$proc$mealy.v:37$4'.
Creating decoders for process `\mealy.$proc$mealy.v:9$1'.
     1/3: $2\o_led[7:0]
     2/3: $1\o_led[7:0]
     3/3: $1\next_led_index[3:0]

2.3.8. Executing PROC_DLATCH pass (convert process syncs to latches).
No latch inferred for signal `\mealy.\o_led' from process `\mealy.$proc$mealy.v:9$1'.
No latch inferred for signal `\mealy.\next_led_index' from process `\mealy.$proc$mealy.v:9$1'.

2.3.9. Executing PROC_DFF pass (convert process syncs to FFs).
Creating register for signal `\mealy.\led_index' using process `\mealy.$proc$mealy.v:37$4'.
  created $dff cell `$procdff$22' with positive edge clock.

2.3.10. Executing PROC_MEMWR pass (convert process memory writes to cells).

2.3.11. Executing PROC_CLEAN pass (remove empty switches from decision trees).
Removing empty process `mealy.$proc$mealy.v:0$7'.
Removing empty process `mealy.$proc$mealy.v:37$4'.
Found and cleaned up 3 empty switches in `\mealy.$proc$mealy.v:9$1'.
Removing empty process `mealy.$proc$mealy.v:9$1'.
Cleaned up 3 empty switches.

2.3.12. Executing OPT_EXPR pass (perform const folding).
Optimizing module mealy.

2.4. Executing FUTURE pass.

2.5. Executing OPT_EXPR pass (perform const folding).
Optimizing module mealy.

2.6. Executing OPT_CLEAN pass (remove unused cells and wires).
Finding unused cells or wires in module \mealy..
Removed 0 unused cells and 13 unused wires.
<suppressed ~1 debug messages>

2.7. Executing CHECK pass (checking for obvious problems).
Checking module mealy...
Found and reported 0 problems.

2.8. Executing OPT pass (performing simple optimizations).

2.8.1. Executing OPT_EXPR pass (perform const folding).
Optimizing module mealy.

2.8.2. Executing OPT_MERGE pass (detect identical cells).
Finding identical cells in module `\mealy'.
Removed a total of 0 cells.

2.8.3. Executing OPT_MUXTREE pass (detect dead branches in mux trees).
Running muxtree optimizer on module \mealy..
  Creating internal representation of mux trees.
  Evaluating internal representation of mux trees.
  Analyzing evaluation results.
    dead port 2/2 on $mux $procmux$14.
Removed 1 multiplexer ports.
<suppressed ~2 debug messages>

2.8.4. Executing OPT_REDUCE pass (consolidate $*mux and $reduce_* inputs).
  Optimizing cells in module \mealy.
Performed a total of 0 changes.

2.8.5. Executing OPT_MERGE pass (detect identical cells).
Finding identical cells in module `\mealy'.
Removed a total of 0 cells.

2.8.6. Executing OPT_CLEAN pass (remove unused cells and wires).
Finding unused cells or wires in module \mealy..
Removed 0 unused cells and 1 unused wires.
<suppressed ~1 debug messages>

2.8.7. Executing OPT_EXPR pass (perform const folding).
Optimizing module mealy.

2.8.8. Rerunning OPT passes. (Maybe there is more to do..)

2.8.9. Executing OPT_MUXTREE pass (detect dead branches in mux trees).
Running muxtree optimizer on module \mealy..
  Creating internal representation of mux trees.
  Evaluating internal representation of mux trees.
  Analyzing evaluation results.
Removed 0 multiplexer ports.
<suppressed ~2 debug messages>

2.8.10. Executing OPT_REDUCE pass (consolidate $*mux and $reduce_* inputs).
  Optimizing cells in module \mealy.
Performed a total of 0 changes.

2.8.11. Executing OPT_MERGE pass (detect identical cells).
Finding identical cells in module `\mealy'.
Removed a total of 0 cells.

2.8.12. Executing OPT_CLEAN pass (remove unused cells and wires).
Finding unused cells or wires in module \mealy..

2.8.13. Executing OPT_EXPR pass (perform const folding).
Optimizing module mealy.

2.8.14. Finished OPT passes. (There is nothing left to do.)

2.9. Executing WREDUCE pass (reducing word size of cells).
Removed top 28 address bits (of 32) from memory init port mealy.$auto$mem.cc:328:emit$11 ($auto$proc_rom.cc:155:do_switch$9).

2.10. Executing OPT_CLEAN pass (remove unused cells and wires).
Finding unused cells or wires in module \mealy..

2.11. Executing MEMORY_COLLECT pass (generating $mem cells).

2.12. Executing OPT pass (performing simple optimizations).

2.12.1. Executing OPT_EXPR pass (perform const folding).
Optimizing module mealy.

2.12.2. Executing OPT_MERGE pass (detect identical cells).
Finding identical cells in module `\mealy'.
Removed a total of 0 cells.

2.12.3. Executing OPT_CLEAN pass (remove unused cells and wires).
Finding unused cells or wires in module \mealy..

2.12.4. Finished fast OPT passes.

2.13. Printing statistics.

=== mealy ===

   Number of wires:                  9
   Number of wire bits:             32
   Number of public wires:           5
   Number of public wire bits:      18
   Number of ports:                  3
   Number of port bits:             10
   Number of memories:               0
   Number of memory bits:            0
   Number of processes:              0
   Number of cells:                  8
     $add                            1
     $check                          1
     $dff                            1
     $eq                             1
     $ge                             1
     $mem_v2                         1
     $mux                            2

2.14. Executing CHECK pass (checking for obvious problems).
Checking module mealy...
Found and reported 0 problems.

3. Executing HIERARCHY pass (managing design hierarchy).
Attribute `top' found on module `mealy'. Setting top module to mealy.

3.1. Analyzing design hierarchy..
Top module:  \mealy

3.2. Analyzing design hierarchy..
Top module:  \mealy
Removed 0 unused modules.
Module mealy directly or indirectly contains formal properties -> setting "keep" attribute.

4. Executing jny backend.

5. Executing RTLIL backend.
Output filename: ../model/design.il

End of script. Logfile hash: 5257aa5519, CPU: user 0.03s system 0.01s, MEM: 31.67 MB peak
Yosys 0.54 (git sha1 db72ec3bd, g++ 15.2.1 -march=x86-64 -mtune=generic -O2 -fno-plt -fexceptions -fstack-clash-protection -fcf-protection -fno-omit-frame-pointer -mno-omit-leaf-frame-pointer -ffile-prefix-map=/build/yosys/src=/usr/src/debug/yosys -fPIC -O3)
Time spent: 30% 6x opt_expr (0 sec), 26% 5x opt_clean (0 sec), ...
