
 /----------------------------------------------------------------------------\
 |  yosys -- Yosys Open SYnthesis Suite                                       |
 |  Copyright (C) 2012 - 2025  Claire Xenia Wolf <claire@yosyshq.com>         |
 |  Distributed under an ISC-like license, type "license" to see terms        |
 \----------------------------------------------------------------------------/
 Yosys 0.54 (git sha1 db72ec3bd, g++ 15.2.1 -march=x86-64 -mtune=generic -O2 -fno-plt -fexceptions -fstack-clash-protection -fcf-protection -fno-omit-frame-pointer -mno-omit-leaf-frame-pointer -ffile-prefix-map=/build/yosys/src=/usr/src/debug/yosys -fPIC -O3)

-- Executing script file `../model/design.ys' --

1. Executing Verilog-2005 frontend: moore.v
Parsing formal SystemVerilog input from `moore.v' to AST representation.
Storing AST representation for module `$abstract\moore'.
Successfully finished Verilog frontend.

2. Executing PREP pass.

2.1. Executing HIERARCHY pass (managing design hierarchy).

2.2. Executing AST frontend in derive mode using pre-parsed AST for module `\moore'.
Generating RTLIL representation for module `\moore'.

2.2.1. Analyzing design hierarchy..
Top module:  \moore

2.2.2. Analyzing design hierarchy..
Top module:  \moore
Removing unused module `$abstract\moore'.
Removed 1 unused modules.
Module moore directly or indirectly contains formal properties -> setting "keep" attribute.

2.3. Executing PROC pass (convert processes to netlists).

2.3.1. Executing PROC_CLEAN pass (remove empty switches from decision trees).
Cleaned up 0 empty switches.

2.3.2. Executing PROC_RMDEAD pass (remove dead branches from decision trees).
Marked 1 switch rules as full_case in process $proc$moore.v:23$10 in module moore.
Marked 1 switch rules as full_case in process $proc$moore.v:13$1 in module moore.
Removed a total of 0 dead cases.

2.3.3. Executing PROC_PRUNE pass (remove redundant assignments in processes).
Removed 3 redundant assignments.
Promoted 4 assignments to connections.

2.3.4. Executing PROC_INIT pass (extract init attributes).
Found init rule in `\moore.$proc$moore.v:0$11'.
  Set init value: \led_index = 4'0000

2.3.5. Executing PROC_ARST pass (detect async resets in processes).

2.3.6. Executing PROC_ROM pass (convert switches to ROMs).
Converted 1 switch.
<suppressed ~1 debug messages>

2.3.7. Executing PROC_MUX pass (convert decision trees to multiplexers).
Creating decoders for process `\moore.$proc$moore.v:0$11'.
Creating decoders for process `\moore.$proc$moore.v:23$10'.
     1/1: $1\o_led[7:0]
Creating decoders for process `\moore.$proc$moore.v:13$1'.
     1/1: $0\led_index[3:0]

2.3.8. Executing PROC_DLATCH pass (convert process syncs to latches).
No latch inferred for signal `\moore.\o_led' from process `\moore.$proc$moore.v:23$10'.

2.3.9. Executing PROC_DFF pass (convert process syncs to FFs).
Creating register for signal `\moore.\led_index' using process `\moore.$proc$moore.v:13$1'.
  created $dff cell `$procdff$20' with positive edge clock.

2.3.10. Executing PROC_MEMWR pass (convert process memory writes to cells).

2.3.11. Executing PROC_CLEAN pass (remove empty switches from decision trees).
Removing empty process `moore.$proc$moore.v:0$11'.
Found and cleaned up 1 empty switch in `\moore.$proc$moore.v:23$10'.
Removing empty process `moore.$proc$moore.v:23$10'.
Found and cleaned up 1 empty switch in `\moore.$proc$moore.v:13$1'.
Removing empty process `moore.$proc$moore.v:13$1'.
Cleaned up 2 empty switches.

2.3.12. Executing OPT_EXPR pass (perform const folding).
Optimizing module moore.
<suppressed ~2 debug messages>

2.4. Executing FUTURE pass.

2.5. Executing OPT_EXPR pass (perform const folding).
Optimizing module moore.

2.6. Executing OPT_CLEAN pass (remove unused cells and wires).
Finding unused cells or wires in module \moore..
Removed 0 unused cells and 8 unused wires.
<suppressed ~1 debug messages>

2.7. Executing CHECK pass (checking for obvious problems).
Checking module moore...
Found and reported 0 problems.

2.8. Executing OPT pass (performing simple optimizations).

2.8.1. Executing OPT_EXPR pass (perform const folding).
Optimizing module moore.

2.8.2. Executing OPT_MERGE pass (detect identical cells).
Finding identical cells in module `\moore'.
Removed a total of 0 cells.

2.8.3. Executing OPT_MUXTREE pass (detect dead branches in mux trees).
Running muxtree optimizer on module \moore..
  Creating internal representation of mux trees.
  Evaluating internal representation of mux trees.
  Analyzing evaluation results.
Removed 0 multiplexer ports.
<suppressed ~1 debug messages>

2.8.4. Executing OPT_REDUCE pass (consolidate $*mux and $reduce_* inputs).
  Optimizing cells in module \moore.
Performed a total of 0 changes.

2.8.5. Executing OPT_MERGE pass (detect identical cells).
Finding identical cells in module `\moore'.
Removed a total of 0 cells.

2.8.6. Executing OPT_CLEAN pass (remove unused cells and wires).
Finding unused cells or wires in module \moore..

2.8.7. Executing OPT_EXPR pass (perform const folding).
Optimizing module moore.

2.8.8. Finished OPT passes. (There is nothing left to do.)

2.9. Executing WREDUCE pass (reducing word size of cells).
Removed top 28 address bits (of 32) from memory init port moore.$auto$mem.cc:328:emit$15 ($auto$proc_rom.cc:155:do_switch$13).

2.10. Executing OPT_CLEAN pass (remove unused cells and wires).
Finding unused cells or wires in module \moore..

2.11. Executing MEMORY_COLLECT pass (generating $mem cells).

2.12. Executing OPT pass (performing simple optimizations).

2.12.1. Executing OPT_EXPR pass (perform const folding).
Optimizing module moore.

2.12.2. Executing OPT_MERGE pass (detect identical cells).
Finding identical cells in module `\moore'.
Removed a total of 0 cells.

2.12.3. Executing OPT_CLEAN pass (remove unused cells and wires).
Finding unused cells or wires in module \moore..

2.12.4. Finished fast OPT passes.

2.13. Printing statistics.

=== moore ===

   Number of wires:                 10
   Number of wire bits:             26
   Number of public wires:           3
   Number of public wire bits:      13
   Number of ports:                  2
   Number of port bits:              9
   Number of memories:               0
   Number of memory bits:            0
   Number of processes:              0
   Number of cells:                 11
     $add                            1
     $check                          2
     $dff                            1
     $ge                             1
     $le                             1
     $logic_and                      1
     $logic_not                      2
     $mem_v2                         1
     $mux                            1

2.14. Executing CHECK pass (checking for obvious problems).
Checking module moore...
Found and reported 0 problems.

3. Executing HIERARCHY pass (managing design hierarchy).
Attribute `top' found on module `moore'. Setting top module to moore.

3.1. Analyzing design hierarchy..
Top module:  \moore

3.2. Analyzing design hierarchy..
Top module:  \moore
Removed 0 unused modules.
Module moore directly or indirectly contains formal properties -> setting "keep" attribute.

4. Executing jny backend.

5. Executing RTLIL backend.
Output filename: ../model/design.il

End of script. Logfile hash: 1af25cc6cd, CPU: user 0.03s system 0.01s, MEM: 28.96 MB peak
Yosys 0.54 (git sha1 db72ec3bd, g++ 15.2.1 -march=x86-64 -mtune=generic -O2 -fno-plt -fexceptions -fstack-clash-protection -fcf-protection -fno-omit-frame-pointer -mno-omit-leaf-frame-pointer -ffile-prefix-map=/build/yosys/src=/usr/src/debug/yosys -fPIC -O3)
Time spent: 32% 5x opt_expr (0 sec), 24% 4x opt_clean (0 sec), ...
